09:44:19.645	SERVER	admin	OK	Server was started (port: 1984).
09:44:19.692	SERVER	admin	OK	HTTP Server was started (port: 8984).
09:44:25.738	0:0:0:0:0:0:0:1:55403	admin	REQUEST	[GET] http://localhost:8984/
09:44:26.517	0:0:0:0:0:0:0:1:55403	admin	200		780.06 ms
09:44:26.541	0:0:0:0:0:0:0:1:55403	admin	REQUEST	[GET] http://localhost:8984/favicon.ico
09:44:26.558	0:0:0:0:0:0:0:1:55403	admin	404	No function found that matches the request.	17.36 ms
09:44:36.123	0:0:0:0:0:0:0:1:55403	admin	REQUEST	[GET] http://localhost:8984/
09:44:36.139	0:0:0:0:0:0:0:1:55403	admin	200		16.0 ms
09:44:37.799	0:0:0:0:0:0:0:1:55403	admin	REQUEST	[GET] http://localhost:8984/db/create
09:44:37.838	0:0:0:0:0:0:0:1:55403	admin	200		39.04 ms
09:46:05.758	0:0:0:0:0:0:0:1:55422	admin	REQUEST	[GET] http://localhost:8984/db/create
09:46:05.783	0:0:0:0:0:0:0:1:55422	admin	200		25.24 ms
09:46:09.840	0:0:0:0:0:0:0:1:55429	admin	REQUEST	[GET] http://localhost:8984/
09:46:09.855	0:0:0:0:0:0:0:1:55429	admin	200		14.32 ms
09:46:10.181	0:0:0:0:0:0:0:1:55422	admin	REQUEST	[GET] http://localhost:8984/
09:46:10.198	0:0:0:0:0:0:0:1:55422	admin	200		16.52 ms
09:47:25.873	0:0:0:0:0:0:0:1:55434	admin	REQUEST	[GET] http://localhost:8984/
09:47:25.882	0:0:0:0:0:0:0:1:55434	admin	400	Stopped at /Users/michaelconrads/dev/TU/XML/XML2016/final_assignment/Mancala/basex/webapp/mancala.xqm, 10/43: [XQST0048] Declaration Q{mancala:players}getCurrentPlay... does not match the module namespace.	9.31 ms
09:48:21.773	0:0:0:0:0:0:0:1:55434	admin	REQUEST	[GET] http://localhost:8984/
09:48:21.783	0:0:0:0:0:0:0:1:55434	admin	400	Stopped at /Users/michaelconrads/dev/TU/XML/XML2016/final_assignment/Mancala/basex/webapp/mancala.xqm, 10/43: [XQST0048] Declaration Q{mancala:players}getCurrentPlay... does not match the module namespace.	9.8 ms
09:48:36.653	0:0:0:0:0:0:0:1:55434	admin	REQUEST	[GET] http://localhost:8984/
09:48:36.661	0:0:0:0:0:0:0:1:55434	admin	400	Stopped at /Users/michaelconrads/dev/TU/XML/XML2016/final_assignment/Mancala/basex/webapp/mancala.xqm, 2/2: [XPST0003] No expression allowed in a library module.	8.93 ms
10:00:43.133	0:0:0:0:0:0:0:1:55711	admin	REQUEST	[GET] http://localhost:8984/
10:00:43.146	0:0:0:0:0:0:0:1:55711	admin	400	Stopped at /Users/michaelconrads/dev/TU/XML/XML2016/final_assignment/Mancala/basex/webapp/mancala.xqm, 2/2: [XPST0003] No expression allowed in a library module.	13.16 ms
10:01:01.141	0:0:0:0:0:0:0:1:55711	admin	REQUEST	[GET] http://localhost:8984/
10:01:01.152	0:0:0:0:0:0:0:1:55711	admin	400	Stopped at /Users/michaelconrads/dev/TU/XML/XML2016/final_assignment/Mancala/basex/webapp/mancala.xqm, 2/2: [XPST0003] No expression allowed in a library module.	10.89 ms
10:01:14.172	0:0:0:0:0:0:0:1:55711	admin	REQUEST	[GET] http://localhost:8984/
10:01:14.193	0:0:0:0:0:0:0:1:55711	admin	200		20.94 ms
10:01:19.659	0:0:0:0:0:0:0:1:55711	admin	REQUEST	[GET] http://localhost:8984/
10:01:19.669	0:0:0:0:0:0:0:1:55711	admin	400	Stopped at /Users/michaelconrads/dev/TU/XML/XML2016/final_assignment/Mancala/basex/webapp/mancala.xqm, 3/2: [XPST0003] No expression allowed in a library module.	11.04 ms
10:02:01.338	0:0:0:0:0:0:0:1:55711	admin	REQUEST	[GET] http://localhost:8984/
10:02:01.351	0:0:0:0:0:0:0:1:55711	admin	400	Stopped at /Users/michaelconrads/dev/TU/XML/XML2016/final_assignment/Mancala/basex/webapp/mancala.xqm, 271/1: [XPST0003] Expecting expression.	13.09 ms
10:04:13.508	0:0:0:0:0:0:0:1:55767	admin	REQUEST	[GET] http://localhost:8984/
10:04:13.524	0:0:0:0:0:0:0:1:55767	admin	400	Stopped at /Users/michaelconrads/dev/TU/XML/XML2016/final_assignment/Mancala/basex/webapp/mancala.xqm, 271/1: [XPST0003] Expecting expression.	16.66 ms
10:04:52.033	0:0:0:0:0:0:0:1:55767	admin	REQUEST	[GET] http://localhost:8984/
10:04:52.047	0:0:0:0:0:0:0:1:55767	admin	400	Stopped at /Users/michaelconrads/dev/TU/XML/XML2016/final_assignment/Mancala/basex/webapp/mancala.xqm, 266/1: [XPST0003] Unclosed XQuery comment (: ...	14.22 ms
10:04:58.322	0:0:0:0:0:0:0:1:55767	admin	REQUEST	[GET] http://localhost:8984/
10:04:58.335	0:0:0:0:0:0:0:1:55767	admin	400	Stopped at /Users/michaelconrads/dev/TU/XML/XML2016/final_assignment/Mancala/basex/webapp/mancala.xqm, 266/1: [XPST0003] Expecting expression.	13.48 ms
10:05:17.913	0:0:0:0:0:0:0:1:55767	admin	REQUEST	[GET] http://localhost:8984/
10:05:17.924	0:0:0:0:0:0:0:1:55767	admin	400	Stopped at /Users/michaelconrads/dev/TU/XML/XML2016/final_assignment/Mancala/basex/webapp/mancala.xqm, 3/1: [XPST0003] Expecting ';', found 'd'.	11.73 ms
10:05:21.329	0:0:0:0:0:0:0:1:55767	admin	REQUEST	[GET] http://localhost:8984/
10:05:21.341	0:0:0:0:0:0:0:1:55767	admin	400	Stopped at /Users/michaelconrads/dev/TU/XML/XML2016/final_assignment/Mancala/basex/webapp/mancala.xqm, 194/29: [XQST0048] Declaration Q{http://basex.org/modules/web-p... does not match the module namespace.	12.38 ms
10:05:47.832	0:0:0:0:0:0:0:1:55767	admin	REQUEST	[GET] http://localhost:8984/
10:05:47.844	0:0:0:0:0:0:0:1:55767	admin	400	Stopped at /Users/michaelconrads/dev/TU/XML/XML2016/final_assignment/Mancala/basex/webapp/mancala.xqm, 194/30: [XPST0003] Expecting '(', found ':'.	12.33 ms
10:06:00.911	0:0:0:0:0:0:0:1:55767	admin	REQUEST	[GET] http://localhost:8984/
10:06:00.939	0:0:0:0:0:0:0:1:55767	admin	400	Stopped at /Users/michaelconrads/dev/TU/XML/XML2016/final_assignment/Mancala/basex/webapp/mancala.xqm, 194/30: [XPST0003] Expecting '(', found ':'.	28.3 ms
10:06:16.424	0:0:0:0:0:0:0:1:55767	admin	REQUEST	[GET] http://localhost:8984/
10:06:16.432	0:0:0:0:0:0:0:1:55767	admin	400	Stopped at /Users/michaelconrads/dev/TU/XML/XML2016/final_assignment/Mancala/basex/webapp/mancala.xqm, 268/1: [XPST0003] Expecting expression.	8.89 ms
10:06:21.623	0:0:0:0:0:0:0:1:55767	admin	REQUEST	[GET] http://localhost:8984/
10:06:21.637	0:0:0:0:0:0:0:1:55767	admin	200		14.0 ms
10:06:55.091	0:0:0:0:0:0:0:1:55767	admin	REQUEST	[GET] http://localhost:8984/
10:06:55.100	0:0:0:0:0:0:0:1:55767	admin	200		9.17 ms
10:10:24.247	0:0:0:0:0:0:0:1:55800	admin	REQUEST	[GET] http://localhost:8984/
10:10:24.255	0:0:0:0:0:0:0:1:55800	admin	400	Stopped at /Users/michaelconrads/dev/TU/XML/XML2016/final_assignment/Mancala/basex/webapp/mancala.xqm, 34/5: [XPST0081] No namespace declared for 'players:setNextPlayer'.	8.63 ms
10:12:38.463	0:0:0:0:0:0:0:1:55821	admin	REQUEST	[GET] http://localhost:8984/
10:12:38.471	0:0:0:0:0:0:0:1:55821	admin	400	Stopped at /Users/michaelconrads/dev/TU/XML/XML2016/final_assignment/Mancala/basex/webapp/mancala.xqm, 34/5: [XPST0081] No namespace declared for 'players:setNextPlayer'.	8.14 ms
10:12:57.646	0:0:0:0:0:0:0:1:55821	admin	REQUEST	[GET] http://localhost:8984/
10:12:57.656	0:0:0:0:0:0:0:1:55821	admin	400	Stopped at /Users/michaelconrads/dev/TU/XML/XML2016/final_assignment/Mancala/basex/webapp/mancala.xqm, 193/28: [XQST0034] Duplicate declaration of function 'page:game_resetGame'.	10.26 ms
10:13:22.985	0:0:0:0:0:0:0:1:55821	admin	REQUEST	[GET] http://localhost:8984/
10:13:23.001	0:0:0:0:0:0:0:1:55821	admin	400	Stopped at /Users/michaelconrads/dev/TU/XML/XML2016/final_assignment/Mancala/basex/webapp/mancala.xqm, 188/26: [XPST0017] Unknown function: Q{http://basex.org/modules/web-page}board_resetBoard.	16.18 ms
10:14:10.153	0:0:0:0:0:0:0:1:55821	admin	REQUEST	[GET] http://localhost:8984/
10:14:10.166	0:0:0:0:0:0:0:1:55821	admin	400	Stopped at /Users/michaelconrads/dev/TU/XML/XML2016/final_assignment/Mancala/basex/webapp/mancala.xqm, 165/2: [bxerr:BASX0003] Invalid path template: "clicked/{pitId}".	12.44 ms
10:16:19.143	0:0:0:0:0:0:0:1:55892	admin	REQUEST	[GET] http://localhost:8984/
10:16:19.155	0:0:0:0:0:0:0:1:55892	admin	400	Stopped at /Users/michaelconrads/dev/TU/XML/XML2016/final_assignment/Mancala/basex/webapp/mancala.xqm, 174/3: [XPST0003] No expression allowed in a library module.	11.41 ms
10:16:26.207	0:0:0:0:0:0:0:1:55892	admin	REQUEST	[GET] http://localhost:8984/
10:16:26.215	0:0:0:0:0:0:0:1:55892	admin	400	Stopped at /Users/michaelconrads/dev/TU/XML/XML2016/final_assignment/Mancala/basex/webapp/mancala.xqm, 174/3: [XPST0003] No expression allowed in a library module.	8.64 ms
10:16:35.342	0:0:0:0:0:0:0:1:55892	admin	REQUEST	[GET] http://localhost:8984/
10:16:35.350	0:0:0:0:0:0:0:1:55892	admin	400	Stopped at /Users/michaelconrads/dev/TU/XML/XML2016/final_assignment/Mancala/basex/webapp/mancala.xqm, 178/14: [XPST0003] Expecting '}', found '>'.	8.54 ms
10:17:20.980	0:0:0:0:0:0:0:1:55892	admin	REQUEST	[GET] http://localhost:8984/
10:17:20.989	0:0:0:0:0:0:0:1:55892	admin	400	Stopped at /Users/michaelconrads/dev/TU/XML/XML2016/final_assignment/Mancala/basex/webapp/mancala.xqm, 178/14: [XPST0003] Expecting '}', found '>'.	9.59 ms
10:17:22.205	0:0:0:0:0:0:0:1:55892	admin	REQUEST	[GET] http://localhost:8984/
10:17:22.215	0:0:0:0:0:0:0:1:55892	admin	400	Stopped at /Users/michaelconrads/dev/TU/XML/XML2016/final_assignment/Mancala/basex/webapp/mancala.xqm, 178/14: [XPST0003] Expecting '}', found '>'.	10.9 ms
10:17:39.196	0:0:0:0:0:0:0:1:55892	admin	REQUEST	[GET] http://localhost:8984/
10:17:39.205	0:0:0:0:0:0:0:1:55892	admin	400	Stopped at /Users/michaelconrads/dev/TU/XML/XML2016/final_assignment/Mancala/basex/webapp/mancala.xqm, 178/14: [XPST0003] Expecting '}', found '>'.	9.27 ms
10:17:54.907	0:0:0:0:0:0:0:1:55892	admin	REQUEST	[GET] http://localhost:8984/
10:17:54.920	0:0:0:0:0:0:0:1:55892	admin	200		12.32 ms
10:18:07.299	0:0:0:0:0:0:0:1:55892	admin	REQUEST	[GET] http://localhost:8984/
10:18:07.307	0:0:0:0:0:0:0:1:55892	admin	400	Stopped at /Users/michaelconrads/dev/TU/XML/XML2016/final_assignment/Mancala/basex/webapp/mancala.xqm, 180/14: [XPST0003] Expecting '}', found '>'.	8.64 ms
10:18:14.028	0:0:0:0:0:0:0:1:55892	admin	REQUEST	[GET] http://localhost:8984/
10:18:14.037	0:0:0:0:0:0:0:1:55892	admin	400	Stopped at /Users/michaelconrads/dev/TU/XML/XML2016/final_assignment/Mancala/basex/webapp/mancala.xqm, 180/14: [XPST0003] Expecting '}', found '>'.	9.73 ms
10:22:24.000	0:0:0:0:0:0:0:1:56092	admin	REQUEST	[GET] http://localhost:8984/
10:22:24.007	0:0:0:0:0:0:0:1:56092	admin	400	Stopped at /Users/michaelconrads/dev/TU/XML/XML2016/final_assignment/Mancala/basex/webapp/mancala.xqm, 180/14: [XPST0003] Expecting '}', found '>'.	7.07 ms
10:22:34.751	0:0:0:0:0:0:0:1:56092	admin	REQUEST	[GET] http://localhost:8984/
10:22:34.759	0:0:0:0:0:0:0:1:56092	admin	400	Stopped at /Users/michaelconrads/dev/TU/XML/XML2016/final_assignment/Mancala/basex/webapp/mancala.xqm, 180/14: [XPST0003] Expecting '}', found '>'.	8.2 ms
10:22:49.805	0:0:0:0:0:0:0:1:56092	admin	REQUEST	[GET] http://localhost:8984/
10:22:49.815	0:0:0:0:0:0:0:1:56092	admin	200		9.98 ms
10:23:07.940	0:0:0:0:0:0:0:1:56092	admin	REQUEST	[GET] http://localhost:8984/
10:23:07.949	0:0:0:0:0:0:0:1:56092	admin	200		8.57 ms
10:23:25.644	0:0:0:0:0:0:0:1:56092	admin	REQUEST	[GET] http://localhost:8984/
10:23:25.654	0:0:0:0:0:0:0:1:56092	admin	200		9.82 ms
10:23:27.362	0:0:0:0:0:0:0:1:56113	admin	REQUEST	[GET] http://localhost:8984/
10:23:27.370	0:0:0:0:0:0:0:1:56113	admin	200		8.22 ms
10:23:31.742	0:0:0:0:0:0:0:1:56092	admin	REQUEST	[GET] http://localhost:8984/clicked/24
10:23:31.750	0:0:0:0:0:0:0:1:56092	admin	200		7.85 ms
10:27:24.188	0:0:0:0:0:0:0:1:56173	admin	REQUEST	[GET] http://localhost:8984/
10:27:24.195	0:0:0:0:0:0:0:1:56173	admin	400	Stopped at /Users/michaelconrads/dev/TU/XML/XML2016/final_assignment/Mancala/basex/webapp/mancala.xqm, 179/12: [XPST0003] Expecting '}', found 'p'.	6.83 ms
10:27:44.548	0:0:0:0:0:0:0:1:56187	admin	REQUEST	[GET] http://localhost:8984/
10:27:44.559	0:0:0:0:0:0:0:1:56187	admin	200		10.69 ms
