22:11:49.435	SERVER	admin	OK	Server was started (port: 1984).
22:11:49.457	SERVER	admin	OK	HTTP Server was started (port: 8984).
22:12:22.626	SERVER	admin	OK	Server was stopped (port: 1984).
22:12:22.626	SERVER	admin	OK	HTTP Server was stopped (port: 8984).
22:13:38.980	SERVER	admin	OK	Server was started (port: 1984).
22:13:39.004	SERVER	admin	OK	HTTP Server was started (port: 8984).
22:13:47.182	0:0:0:0:0:0:0:1:54894	admin	REQUEST	[GET] http://localhost:8984/
22:13:47.773	0:0:0:0:0:0:0:1:54894	admin	200		591.99 ms
22:13:47.819	0:0:0:0:0:0:0:1:54899	admin	REQUEST	[GET] http://localhost:8984/favicon.ico
22:13:47.838	0:0:0:0:0:0:0:1:54899	admin	404	No function found that matches the request.	19.28 ms
22:14:13.312	0:0:0:0:0:0:0:1:54894	admin	REQUEST	[POST] http://localhost:8984/form
22:14:13.330	0:0:0:0:0:0:0:1:54894	admin	200		18.07 ms
22:14:55.699	0:0:0:0:0:0:0:1:54894	admin	REQUEST	[GET] http://localhost:8984/rest
22:14:55.801	0:0:0:0:0:0:0:1:54894	admin	401	No username specified.	102.48 ms
22:15:01.447	0:0:0:0:0:0:0:1:54894	admin	REQUEST	[GET] http://localhost:8984/rest
22:15:01.460	0:0:0:0:0:0:0:1:54894	admin	200		12.72 ms
22:16:57.263	0:0:0:0:0:0:0:1:55008	admin	REQUEST	[GET] http://localhost:8984/
22:16:57.278	0:0:0:0:0:0:0:1:55008	admin	200		15.12 ms
22:22:59.736	0:0:0:0:0:0:0:1:55242	admin	REQUEST	[GET] http://localhost:8984/
22:22:59.740	0:0:0:0:0:0:0:1:55242	admin	400	[FODC0002] /Users/michaelconrads/Downloads/basex/webapp/.#restxq.xqm	3.62 ms
22:23:08.675	0:0:0:0:0:0:0:1:55242	admin	REQUEST	[GET] http://localhost:8984/
22:23:08.692	0:0:0:0:0:0:0:1:55242	admin	200		17.55 ms
22:23:20.186	0:0:0:0:0:0:0:1:55251	admin	REQUEST	[GET] http://localhost:8984/
22:23:20.198	0:0:0:0:0:0:0:1:55251	admin	200		12.08 ms
22:23:21.169	0:0:0:0:0:0:0:1:55242	admin	REQUEST	[GET] http://localhost:8984/restxq.xqm
22:23:21.179	0:0:0:0:0:0:0:1:55242	admin	404	No function found that matches the request.	10.14 ms
22:23:24.682	0:0:0:0:0:0:0:1:55251	admin	REQUEST	[GET] http://localhost:8984/
22:23:24.693	0:0:0:0:0:0:0:1:55251	admin	200		11.18 ms
22:23:24.754	0:0:0:0:0:0:0:1:55242	admin	REQUEST	[GET] http://localhost:8984/
22:23:24.766	0:0:0:0:0:0:0:1:55242	admin	200		12.24 ms
22:23:32.864	0:0:0:0:0:0:0:1:55242	admin	REQUEST	[GET] http://localhost:8984/dba
22:23:32.877	0:0:0:0:0:0:0:1:55242	admin	302		12.77 ms
22:23:32.877	0:0:0:0:0:0:0:1:55242	admin	200		0.11 ms
22:23:32.881	0:0:0:0:0:0:0:1:55242	admin	REQUEST	[GET] http://localhost:8984/dba/databases
22:23:32.934	0:0:0:0:0:0:0:1:55242	admin	302		52.99 ms
22:23:32.934	0:0:0:0:0:0:0:1:55242	admin	200		0.07 ms
22:23:32.937	0:0:0:0:0:0:0:1:55242	admin	REQUEST	[GET] http://localhost:8984/dba/login
22:23:32.953	0:0:0:0:0:0:0:1:55242	admin	200		16.2 ms
22:23:32.958	0:0:0:0:0:0:0:1:55242	admin	REQUEST	[GET] http://localhost:8984/dba/static/style.css
22:23:32.960	0:0:0:0:0:0:0:1:55256	admin	REQUEST	[GET] http://localhost:8984/dba/static/js.js
22:23:32.972	0:0:0:0:0:0:0:1:55242	admin	200		14.14 ms
22:23:32.978	0:0:0:0:0:0:0:1:55256	admin	200		17.96 ms
22:23:32.980	0:0:0:0:0:0:0:1:55242	admin	REQUEST	[GET] http://localhost:8984/dba/static/basex.svg
22:23:32.990	0:0:0:0:0:0:0:1:55242	admin	200		10.33 ms
22:23:40.147	0:0:0:0:0:0:0:1:55242	admin	REQUEST	[POST] http://localhost:8984/dba/login-check
22:23:40.163	SERVER	admin	INFO	DBA user was logged in: admin
22:23:40.163	0:0:0:0:0:0:0:1:55242	admin	302		16.66 ms
22:23:40.163	0:0:0:0:0:0:0:1:55242	admin	200		0.1 ms
22:23:40.170	0:0:0:0:0:0:0:1:55242	admin	REQUEST	[GET] http://localhost:8984/dba/databases
22:23:40.218	0:0:0:0:0:0:0:1:55242	admin	200		48.62 ms
22:25:40.273	0:0:0:0:0:0:0:1:55306	admin	REQUEST	[GET] http://localhost:8984/dba/login
22:25:40.282	0:0:0:0:0:0:0:1:55306	admin	400	Stopped at /Users/michaelconrads/Downloads/basex/webapp/foobar.xqm, 1/1: [XPST0003] Empty query.	8.88 ms
22:25:48.712	0:0:0:0:0:0:0:1:55306	admin	REQUEST	[GET] http://localhost:8984/
22:25:48.720	0:0:0:0:0:0:0:1:55306	admin	400	Stopped at /Users/michaelconrads/Downloads/basex/webapp/foobar.xqm, 1/1: [XPST0003] Empty query.	8.69 ms
22:26:30.312	0:0:0:0:0:0:0:1:55306	admin	REQUEST	[GET] http://localhost:8984/
22:26:30.319	0:0:0:0:0:0:0:1:55306	admin	400	Stopped at /Users/michaelconrads/Downloads/basex/webapp/foobar.xqm, 7/12: [XPST0081] No namespace declared for 'page:start'.	8.07 ms
22:26:45.364	0:0:0:0:0:0:0:1:55306	admin	REQUEST	[GET] http://localhost:8984/
22:26:45.375	0:0:0:0:0:0:0:1:55306	admin	400	Stopped at /Users/michaelconrads/Downloads/basex/webapp/foobar.xqm, 13/2: [XPST0003] Expecting ';'.	10.91 ms
22:26:53.251	0:0:0:0:0:0:0:1:55306	admin	REQUEST	[GET] http://localhost:8984/
22:26:53.260	0:0:0:0:0:0:0:1:55306	admin	400	Stopped at /Users/michaelconrads/Downloads/basex/webapp/foobar.xqm, 9/12: [bxerr:BASX0003] Path "" assigned to several functions: /Users/michaelconrads/Downloads/basex/webapp/foobar.xqm, 9/12 /Users/michaelconrads/Downloads/basex/webapp/restxq.xqm, 19/12	8.95 ms
22:28:05.828	0:0:0:0:0:0:0:1:55349	admin	REQUEST	[GET] http://localhost:8984/
22:28:05.829	0:0:0:0:0:0:0:1:55349	admin	400	[FODC0002] /Users/michaelconrads/Downloads/basex/webapp/.#foobar.xqm	1.56 ms
22:28:10.979	0:0:0:0:0:0:0:1:55349	admin	REQUEST	[GET] http://localhost:8984/
22:28:11.000	0:0:0:0:0:0:0:1:55349	admin	400	Stopped at /Users/michaelconrads/Downloads/basex/webapp/foobar.xqm, 9/12: [XPTY0004] Cannot return element() as element(html): <body>hello world</body>.	21.39 ms
22:28:29.834	0:0:0:0:0:0:0:1:55349	admin	REQUEST	[GET] http://localhost:8984/
22:28:29.842	0:0:0:0:0:0:0:1:55349	admin	200		8.19 ms
22:28:39.507	0:0:0:0:0:0:0:1:55349	admin	REQUEST	[GET] http://localhost:8984/
22:28:39.514	0:0:0:0:0:0:0:1:55349	admin	200		7.06 ms
22:29:06.373	0:0:0:0:0:0:0:1:55349	admin	REQUEST	[GET] http://localhost:8984/
22:29:06.380	0:0:0:0:0:0:0:1:55349	admin	200		7.51 ms
22:30:37.997	0:0:0:0:0:0:0:1:55388	admin	REQUEST	[GET] http://localhost:8984/
22:30:38.004	0:0:0:0:0:0:0:1:55388	admin	400	Stopped at /Users/michaelconrads/Downloads/basex/webapp/mancala.xqm, 18/1: [XPST0003] Expecting ';'.	7.23 ms
22:30:42.597	0:0:0:0:0:0:0:1:55388	admin	REQUEST	[GET] http://localhost:8984/
22:30:42.604	0:0:0:0:0:0:0:1:55388	admin	200		7.52 ms
22:30:45.682	0:0:0:0:0:0:0:1:55399	admin	REQUEST	[GET] http://localhost:8984/
22:30:45.689	0:0:0:0:0:0:0:1:55399	admin	200		6.38 ms
22:30:47.147	0:0:0:0:0:0:0:1:55399	admin	REQUEST	[GET] http://localhost:8984/
22:30:47.154	0:0:0:0:0:0:0:1:55399	admin	200		6.67 ms
22:30:47.411	0:0:0:0:0:0:0:1:55399	admin	REQUEST	[GET] http://localhost:8984/dba/databases
22:30:47.438	0:0:0:0:0:0:0:1:55399	admin	200		27.27 ms
22:30:48.823	0:0:0:0:0:0:0:1:55388	admin	REQUEST	[GET] http://localhost:8984/db/create
22:30:48.830	0:0:0:0:0:0:0:1:55388	admin	200		6.58 ms
22:31:54.239	0:0:0:0:0:0:0:1:55412	admin	REQUEST	[GET] http://localhost:8984/db/create
22:31:54.247	0:0:0:0:0:0:0:1:55412	admin	400	Stopped at /Users/michaelconrads/Downloads/basex/webapp/mancala.xqm, 15/13: [XPST0003] Expecting ':=', found '='.	7.25 ms
22:32:03.519	0:0:0:0:0:0:0:1:55412	admin	REQUEST	[GET] http://localhost:8984/db/create
22:32:03.528	0:0:0:0:0:0:0:1:55412	admin	400	Stopped at /Users/michaelconrads/Downloads/basex/webapp/mancala.xqm, 15/9: [XUST0001] StaticFunc expression: no updating expression allowed.	8.78 ms
22:32:16.367	0:0:0:0:0:0:0:1:55412	admin	REQUEST	[GET] http://localhost:8984/db/create
22:32:16.413	0:0:0:0:0:0:0:1:55412	admin	200		46.34 ms
22:35:33.232	0:0:0:0:0:0:0:1:55563	admin	REQUEST	[GET] http://localhost:8984/
22:35:33.239	0:0:0:0:0:0:0:1:55563	admin	400	Stopped at /Users/michaelconrads/Downloads/basex/webapp/mancala.xqm, 3/30: [XQST0048] Declaration Q{http://www.w3.org/2005/xquery-... does not match the module namespace.	6.95 ms
22:35:33.417	0:0:0:0:0:0:0:1:55565	admin	REQUEST	[GET] http://localhost:8984/
22:35:33.424	0:0:0:0:0:0:0:1:55565	admin	400	Stopped at /Users/michaelconrads/Downloads/basex/webapp/mancala.xqm, 3/30: [XQST0048] Declaration Q{http://www.w3.org/2005/xquery-... does not match the module namespace.	7.1 ms
22:35:51.470	0:0:0:0:0:0:0:1:55565	admin	REQUEST	[GET] http://localhost:8984/
22:35:51.478	0:0:0:0:0:0:0:1:55565	admin	400	Stopped at /Users/michaelconrads/Downloads/basex/webapp/mancala.xqm, 5/17: [XPST0003] Expecting ':=', found '='.	7.7 ms
22:35:58.883	0:0:0:0:0:0:0:1:55565	admin	REQUEST	[GET] http://localhost:8984/
22:35:58.891	0:0:0:0:0:0:0:1:55565	admin	400	Stopped at /Users/michaelconrads/Downloads/basex/webapp/mancala.xqm, 15/22: [XQST0118] Different start and end tag: <p>...</db>.	8.05 ms
22:36:07.376	0:0:0:0:0:0:0:1:55565	admin	REQUEST	[GET] http://localhost:8984/
22:36:07.384	0:0:0:0:0:0:0:1:55565	admin	400	Stopped at /Users/michaelconrads/Downloads/basex/webapp/mancala.xqm, 17/8: [XQST0118] Different start and end tag: <p>...</body>.	7.62 ms
22:36:13.104	0:0:0:0:0:0:0:1:55565	admin	REQUEST	[GET] http://localhost:8984/
22:36:13.112	0:0:0:0:0:0:0:1:55565	admin	400	Stopped at /Users/michaelconrads/Downloads/basex/webapp/mancala.xqm, 17/8: [XQST0118] Different start and end tag: <p>...</body>.	8.32 ms
22:36:36.415	0:0:0:0:0:0:0:1:55565	admin	REQUEST	[GET] http://localhost:8984/
22:36:36.424	0:0:0:0:0:0:0:1:55565	admin	200		9.95 ms
